[0mGET / [32m200[0m 168.024 ms - 8477[0m
[0mGET /js/home_post_comments.js [33m404[0m 9.038 ms - 163[0m
[0mGET /js/home_posts.js [33m404[0m 13.670 ms - 155[0m
[0mGET /js/toggle_likes.js [33m404[0m 7.261 ms - 157[0m
[0mGET /js/chat_engine.js [33m404[0m 7.153 ms - 156[0m
[0mGET /js/home_post_comments.js [33m404[0m 5.215 ms - 163[0m
[0mGET /users/sign-in [32m200[0m 8.544 ms - 2095[0m
[0mGET /users/css/layout.css [33m404[0m 6.106 ms - 159[0m
[0mGET /users/css/footer.css [33m404[0m 8.830 ms - 159[0m
[0mGET /users/css/header.css [33m404[0m 12.263 ms - 159[0m
[0mGET /users/css/layout.css [33m404[0m 7.366 ms - 159[0m
[0mGET /users/css/header.css [33m404[0m 7.350 ms - 159[0m
[0mGET /users/css/footer.css [33m404[0m 9.411 ms - 159[0m
[0mPOST /users/create-session [36m302[0m 21.099 ms - 46[0m
[0mGET / [32m200[0m 68.703 ms - 11627[0m
[0mGET /css/layout.css [33m404[0m 8.417 ms - 153[0m
[0mGET /js/home_post_comments.js [33m404[0m 13.986 ms - 163[0m
[0mGET /js/home_posts.js [33m404[0m 13.715 ms - 155[0m
[0mGET /css/header.css [33m404[0m 19.137 ms - 153[0m
[0mGET /css/footer.css [33m404[0m 20.783 ms - 153[0m
[0mGET /css/chat_box.css [33m404[0m 23.900 ms - 155[0m
[0mGET /css/home.css [33m404[0m 28.500 ms - 151[0m
[0mGET /js/toggle_likes.js [33m404[0m 10.255 ms - 157[0m
[0mGET /js/chat_engine.js [33m404[0m 12.832 ms - 156[0m
[0mGET /users/profile [33m404[0m 5.462 ms - 152[0m
[0mGET / [32m200[0m 36.152 ms - 11336[0m
[0mGET /js/home_post_comments.js [33m404[0m 21.030 ms - 163[0m
[0mGET /css/header.css [33m404[0m 20.165 ms - 153[0m
[0mGET /css/layout.css [33m404[0m 21.976 ms - 153[0m
[0mGET /css/home.css [33m404[0m 18.395 ms - 151[0m
[0mGET /css/chat_box.css [33m404[0m 20.704 ms - 155[0m
[0mGET /css/footer.css [33m404[0m 19.540 ms - 153[0m
[0mGET /js/home_posts.js [33m404[0m 11.796 ms - 155[0m
[0mGET /js/toggle_likes.js [33m404[0m 12.936 ms - 157[0m
[0mGET /js/chat_engine.js [33m404[0m 12.656 ms - 156[0m
[0mGET /users/sign-out [36m302[0m 11.927 ms - 46[0m
[0mGET / [32m200[0m 25.583 ms - 8766[0m
[0mGET /css/layout.css [33m404[0m 7.074 ms - 153[0m
[0mGET /css/header.css [33m404[0m 13.129 ms - 153[0m
[0mGET /css/footer.css [33m404[0m 8.947 ms - 153[0m
[0mGET /js/home_post_comments.js [33m404[0m 6.802 ms - 163[0m
[0mGET /js/home_posts.js [33m404[0m 10.043 ms - 155[0m
[0mGET /css/home.css [33m404[0m 9.732 ms - 151[0m
[0mGET /js/toggle_likes.js [33m404[0m 13.716 ms - 157[0m
[0mGET /js/chat_engine.js [33m404[0m 12.806 ms - 156[0m
[0mGET /css/chat_box.css [33m404[0m 7.509 ms - 155[0m
[0mGET /users/sign-in [36m304[0m 6.160 ms - -[0m
[0mGET /users/css/layout.css [33m404[0m 7.959 ms - 159[0m
[0mGET /users/css/header.css [33m404[0m 6.731 ms - 159[0m
[0mGET /users/css/footer.css [33m404[0m 7.837 ms - 159[0m
[0mGET /users/sign-up [32m200[0m 6.122 ms - 2251[0m
[0mGET /users/css/layout.css [33m404[0m 7.351 ms - 159[0m
[0mGET /users/css/header.css [33m404[0m 6.878 ms - 159[0m
[0mGET /users/css/footer.css [33m404[0m 8.541 ms - 159[0m
[0mGET / [32m200[0m 25.105 ms - 8477[0m
[0mGET /css/layout.css [33m404[0m 10.937 ms - 153[0m
[0mGET /css/footer.css [33m404[0m 10.549 ms - 153[0m
[0mGET /css/chat_box.css [33m404[0m 10.521 ms - 155[0m
[0mGET /js/home_post_comments.js [33m404[0m 9.941 ms - 163[0m
[0mGET /css/header.css [33m404[0m 9.900 ms - 153[0m
[0mGET /css/home.css [33m404[0m 9.497 ms - 151[0m
[0mGET /js/home_posts.js [33m404[0m 16.555 ms - 155[0m
[0mGET /js/toggle_likes.js [33m404[0m 5.023 ms - 157[0m
[0mGET /js/chat_engine.js [33m404[0m 5.257 ms - 156[0m
[0mGET /users/sign-in [36m304[0m 5.650 ms - -[0m
[0mGET /users/css/layout.css [33m404[0m 9.509 ms - 159[0m
[0mGET /users/css/header.css [33m404[0m 6.574 ms - 159[0m
[0mGET /users/css/footer.css [33m404[0m 8.038 ms - 159[0m
[0mGET /users/sign-up [36m304[0m 5.200 ms - -[0m
[0mGET /users/css/layout.css [33m404[0m 3.274 ms - 159[0m
[0mGET /users/css/header.css [33m404[0m 4.853 ms - 159[0m
[0mGET /users/css/footer.css [33m404[0m 4.167 ms - 159[0m
[0mGET / [36m304[0m 32.424 ms - -[0m
[0mGET /js/home_post_comments.js [33m404[0m 5.562 ms - 163[0m
[0mGET /css/home.css [33m404[0m 13.712 ms - 151[0m
[0mGET /css/layout.css [33m404[0m 12.665 ms - 153[0m
[0mGET /css/header.css [33m404[0m 13.002 ms - 153[0m
[0mGET /css/footer.css [33m404[0m 10.512 ms - 153[0m
[0mGET /css/chat_box.css [33m404[0m 10.965 ms - 155[0m
[0mGET /js/home_posts.js [33m404[0m 7.035 ms - 155[0m
[0mGET /js/toggle_likes.js [33m404[0m 7.643 ms - 157[0m
[0mGET /js/chat_engine.js [33m404[0m 10.595 ms - 156[0m
[0mGET /users/profile/62bc31a7a8d62a4494e384bc [36m302[0m 5.134 ms - 72[0m
[0mGET /users/sign-in [36m304[0m 8.026 ms - -[0m
[0mGET /users/css/layout.css [33m404[0m 16.821 ms - 159[0m
[0mGET /users/css/header.css [33m404[0m 8.111 ms - 159[0m
[0mGET /users/css/footer.css [33m404[0m 7.989 ms - 159[0m
[0mGET /users/sign-in [36m304[0m 4.204 ms - -[0m
[0mGET /users/css/layout.css [33m404[0m 5.843 ms - 159[0m
[0mGET /users/css/header.css [33m404[0m 9.640 ms - 159[0m
[0mGET /users/css/footer.css [33m404[0m 5.295 ms - 159[0m
[0mGET /users/css/layout.css [33m404[0m 13.183 ms - 159[0m
[0mGET /users/css/header.css [33m404[0m 11.877 ms - 159[0m
[0mGET /users/css/footer.css [33m404[0m 16.118 ms - 159[0m
[0mGET /users/sign-in [36m304[0m 7.162 ms - -[0m
[0mGET /users/css/layout.css [33m404[0m 11.340 ms - 159[0m
[0mGET /users/css/header.css [33m404[0m 11.704 ms - 159[0m
[0mGET /users/css/footer.css [33m404[0m 11.409 ms - 159[0m
[0mGET /users/css/layout.css [33m404[0m 5.283 ms - 159[0m
[0mGET /users/css/header.css [33m404[0m 5.325 ms - 159[0m
[0mGET /users/css/footer.css [33m404[0m 6.345 ms - 159[0m
[0mGET / [36m304[0m 25.652 ms - -[0m
[0mGET /css/layout.css [33m404[0m 18.187 ms - 153[0m
[0mGET /css/header.css [33m404[0m 10.498 ms - 153[0m
[0mGET /js/home_post_comments.js [33m404[0m 12.268 ms - 163[0m
[0mGET /css/footer.css [33m404[0m 16.091 ms - 153[0m
[0mGET /css/home.css [33m404[0m 16.254 ms - 151[0m
[0mGET /js/home_posts.js [33m404[0m 15.674 ms - 155[0m
[0mGET /css/chat_box.css [33m404[0m 23.341 ms - 155[0m
[0mGET /js/toggle_likes.js [33m404[0m 20.832 ms - 157[0m
[0mGET /js/chat_engine.js [33m404[0m 16.130 ms - 156[0m
[0mGET /css/layout.css [33m404[0m 8.045 ms - 153[0m
[0mGET /css/header.css [33m404[0m 7.815 ms - 153[0m
[0mGET /css/footer.css [33m404[0m 7.614 ms - 153[0m
[0mGET /css/home.css [33m404[0m 9.510 ms - 151[0m
[0mGET /css/chat_box.css [33m404[0m 10.201 ms - 155[0m
[0mGET /users/sign-in [36m304[0m 6.689 ms - -[0m
[0mGET /users/css/layout.css [33m404[0m 10.336 ms - 159[0m
[0mGET /users/css/header.css [33m404[0m 13.089 ms - 159[0m
[0mGET /users/css/footer.css [33m404[0m 4.112 ms - 159[0m
[0mGET /users/css/layout.css [33m404[0m 8.245 ms - 159[0m
[0mGET /users/css/header.css [33m404[0m 8.552 ms - 159[0m
[0mGET /users/css/footer.css [33m404[0m 9.473 ms - 159[0m
[0mGET /users/sign-up [36m304[0m 8.852 ms - -[0m
[0mGET /users/css/layout.css [33m404[0m 6.110 ms - 159[0m
[0mGET /users/css/header.css [33m404[0m 10.102 ms - 159[0m
[0mGET /users/css/footer.css [33m404[0m 5.323 ms - 159[0m
[0mGET /users/css/layout.css [33m404[0m 4.997 ms - 159[0m
[0mGET /users/css/header.css [33m404[0m 5.222 ms - 159[0m
[0mGET /users/css/footer.css [33m404[0m 6.874 ms - 159[0m
[0mGET /users/sign-in [36m304[0m 17.793 ms - -[0m
[0mGET /users/css/layout.css [33m404[0m 13.958 ms - 159[0m
[0mGET /users/css/header.css [33m404[0m 14.162 ms - 159[0m
[0mGET /users/css/footer.css [33m404[0m 14.371 ms - 159[0m
[0mGET /users/css/layout.css [33m404[0m 5.477 ms - 159[0m
[0mGET /users/css/header.css [33m404[0m 4.838 ms - 159[0m
[0mGET /users/css/footer.css [33m404[0m 8.671 ms - 159[0m
[0mPOST /users/create-session [36m302[0m 12.195 ms - 46[0m
[0mGET / [32m200[0m 45.120 ms - 11627[0m
[0mGET /js/home_post_comments.js [33m404[0m 33.412 ms - 163[0m
[0mGET /css/header.css [33m404[0m 33.510 ms - 153[0m
[0mGET /css/layout.css [33m404[0m 36.403 ms - 153[0m
[0mGET /css/chat_box.css [33m404[0m 24.618 ms - 155[0m
[0mGET /css/footer.css [33m404[0m 27.573 ms - 153[0m
[0mGET /css/home.css [33m404[0m 31.052 ms - 151[0m
[0mGET /js/home_posts.js [33m404[0m 19.196 ms - 155[0m
[0mGET /js/toggle_likes.js [33m404[0m 20.371 ms - 157[0m
[0mGET /js/chat_engine.js [33m404[0m 19.525 ms - 156[0m
[0mGET /css/layout.css [33m404[0m 19.193 ms - 153[0m
[0mGET /css/header.css [33m404[0m 25.893 ms - 153[0m
[0mGET /css/footer.css [33m404[0m 30.118 ms - 153[0m
[0mGET /css/home.css [33m404[0m 29.260 ms - 151[0m
[0mGET /css/chat_box.css [33m404[0m 32.303 ms - 155[0m
[0mGET / [32m200[0m 103.584 ms - 11336[0m
[0mGET /js/home_post_comments.js [33m404[0m 18.019 ms - 163[0m
[0mGET /js/home_posts.js [33m404[0m 25.440 ms - 155[0m
[0mGET /js/toggle_likes.js [33m404[0m 27.304 ms - 157[0m
[0mGET /js/chat_engine.js [33m404[0m 28.987 ms - 156[0m
[0mGET / [36m304[0m 35.889 ms - -[0m
[0mGET /js/home_post_comments.js [33m404[0m 27.685 ms - 163[0m
[0mGET /css/header.css [33m404[0m 25.059 ms - 153[0m
[0mGET /css/layout.css [33m404[0m 26.889 ms - 153[0m
[0mGET /css/chat_box.css [33m404[0m 27.765 ms - 155[0m
[0mGET /css/home.css [33m404[0m 43.423 ms - 151[0m
[0mGET /css/footer.css [33m404[0m 50.738 ms - 153[0m
[0mGET /js/home_posts.js [33m404[0m 31.106 ms - 155[0m
[0mGET /js/toggle_likes.js [33m404[0m 25.947 ms - 157[0m
[0mGET /js/chat_engine.js [33m404[0m 22.602 ms - 156[0m
[0mGET /css/layout.css [33m404[0m 10.825 ms - 153[0m
[0mGET /css/header.css [33m404[0m 11.068 ms - 153[0m
[0mGET /css/chat_box.css [33m404[0m 10.857 ms - 155[0m
[0mGET /users/sign-out [36m302[0m 16.838 ms - 46[0m
[0mGET / [32m200[0m 42.388 ms - 8766[0m
[0mGET /css/layout.css [33m404[0m 14.197 ms - 153[0m
[0mGET /js/home_posts.js [33m404[0m 5.302 ms - 155[0m
[0mGET /css/header.css [33m404[0m 7.988 ms - 153[0m
[0mGET /css/footer.css [33m404[0m 10.413 ms - 153[0m
[0mGET /css/home.css [33m404[0m 9.803 ms - 151[0m
[0mGET /css/chat_box.css [33m404[0m 11.123 ms - 155[0m
[0mGET /js/toggle_likes.js [33m404[0m 18.089 ms - 157[0m
[0mGET /js/chat_engine.js [33m404[0m 10.269 ms - 156[0m
[0mGET /js/home_post_comments.js [33m404[0m 12.879 ms - 163[0m
[0mGET /css/layout.css [33m404[0m 3.591 ms - 153[0m
[0mGET /css/header.css [33m404[0m 5.394 ms - 153[0m
[0mGET /css/footer.css [33m404[0m 7.432 ms - 153[0m
[0mGET /css/home.css [33m404[0m 8.921 ms - 151[0m
[0mGET /css/chat_box.css [33m404[0m 9.020 ms - 155[0m
[0mGET / [32m200[0m 48.079 ms - 8477[0m
[0mGET /js/home_post_comments.js [33m404[0m 10.644 ms - 163[0m
[0mGET /css/layout.css [33m404[0m 6.106 ms - 153[0m
[0mGET /css/header.css [33m404[0m 14.726 ms - 153[0m
[0mGET /css/footer.css [33m404[0m 14.893 ms - 153[0m
[0mGET /css/home.css [33m404[0m 14.362 ms - 151[0m
[0mGET /css/chat_box.css [33m404[0m 14.274 ms - 155[0m
[0mGET /js/home_posts.js [33m404[0m 10.331 ms - 155[0m
[0mGET /js/toggle_likes.js [33m404[0m 9.853 ms - 157[0m
[0mGET /js/chat_engine.js [33m404[0m 3.198 ms - 156[0m
[0mGET /css/layout.css [33m404[0m 6.604 ms - 153[0m
[0mGET /css/header.css [33m404[0m 12.883 ms - 153[0m
[0mGET /css/home.css [33m404[0m 13.547 ms - 151[0m
[0mGET /css/footer.css [33m404[0m 14.126 ms - 153[0m
[0mGET /css/chat_box.css [33m404[0m 11.647 ms - 155[0m
[0mGET /users/sign-in [32m200[0m 7.712 ms - 2095[0m
[0mGET /users/css/layout.css [33m404[0m 9.874 ms - 159[0m
[0mGET /users/css/header.css [33m404[0m 6.310 ms - 159[0m
[0mGET /users/css/footer.css [33m404[0m 6.803 ms - 159[0m
[0mPOST /users/create-session [36m302[0m 5.654 ms - 46[0m
[0mGET / [32m200[0m 24.191 ms - 11627[0m
[0mGET /css/layout.css [33m404[0m 19.380 ms - 153[0m
[0mGET /js/home_post_comments.js [33m404[0m 15.918 ms - 163[0m
[0mGET /css/header.css [33m404[0m 17.828 ms - 153[0m
[0mGET /css/chat_box.css [33m404[0m 16.515 ms - 155[0m
[0mGET /css/home.css [33m404[0m 23.114 ms - 151[0m
[0mGET /css/footer.css [33m404[0m 22.372 ms - 153[0m
[0mGET /js/home_posts.js [33m404[0m 24.297 ms - 155[0m
[0mGET /js/toggle_likes.js [33m404[0m 22.036 ms - 157[0m
[0mGET /js/chat_engine.js [33m404[0m 17.274 ms - 156[0m
[0mGET /css/layout.css [33m404[0m 28.320 ms - 153[0m
[0mGET /css/chat_box.css [33m404[0m 27.407 ms - 155[0m
[0mGET /css/header.css [33m404[0m 27.923 ms - 153[0m
[0mGET /css/footer.css [33m404[0m 24.354 ms - 153[0m
[0mGET /css/home.css [33m404[0m 26.296 ms - 151[0m
[0mGET /users/sign-out [36m302[0m 9.015 ms - 46[0m
[0mGET / [32m200[0m 26.297 ms - 8766[0m
[0mGET /js/home_post_comments.js [33m404[0m 6.880 ms - 163[0m
[0mGET /css/layout.css [33m404[0m 8.228 ms - 153[0m
[0mGET /css/header.css [33m404[0m 9.558 ms - 153[0m
[0mGET /css/footer.css [33m404[0m 10.896 ms - 153[0m
[0mGET /css/home.css [33m404[0m 11.045 ms - 151[0m
[0mGET /css/chat_box.css [33m404[0m 14.818 ms - 155[0m
[0mGET /js/home_posts.js [33m404[0m 15.849 ms - 155[0m
[0mGET /js/toggle_likes.js [33m404[0m 13.298 ms - 157[0m
[0mGET /js/chat_engine.js [33m404[0m 8.647 ms - 156[0m
[0mGET /css/layout.css [33m404[0m 3.309 ms - 153[0m
[0mGET /users/sign-up [36m304[0m 24.874 ms - -[0m
[0mGET /users/css/layout.css [33m404[0m 19.484 ms - 159[0m
[0mGET /users/css/header.css [33m404[0m 32.262 ms - 159[0m
[0mGET /users/css/footer.css [33m404[0m 25.183 ms - 159[0m
[0mGET /users/css/layout.css [33m404[0m 11.503 ms - 159[0m
[0mGET /users/css/header.css [33m404[0m 7.905 ms - 159[0m
[0mGET /users/css/footer.css [33m404[0m 11.784 ms - 159[0m
[0mGET /users/sign-in [32m200[0m 11.552 ms - 2095[0m
[0mGET /users/css/layout.css [33m404[0m 12.585 ms - 159[0m
[0mGET /users/css/header.css [33m404[0m 11.468 ms - 159[0m
[0mGET /users/css/footer.css [33m404[0m 8.814 ms - 159[0m
[0mGET /users/css/layout.css [33m404[0m 6.852 ms - 159[0m
[0mGET /users/css/header.css [33m404[0m 11.448 ms - 159[0m
[0mGET /users/css/footer.css [33m404[0m 10.787 ms - 159[0m
[0mPOST /users/create-session [36m302[0m 16.883 ms - 46[0m
[0mGET / [32m200[0m 49.920 ms - 11627[0m
[0mGET /js/toggle_likes.js [33m404[0m 18.155 ms - 157[0m
[0mGET /js/chat_engine.js [33m404[0m 15.544 ms - 156[0m
[0mGET /js/home_post_comments.js [33m404[0m 19.351 ms - 163[0m
[0mGET /js/home_posts.js [33m404[0m 22.310 ms - 155[0m
