[0mGET / [32m200[0m 93.590 ms - 8477[0m
[0mGET /js/toggle_likes.js [33m404[0m 10.543 ms - 157[0m
[0mGET /js/chat_engine.js [33m404[0m 16.110 ms - 156[0m
[0mGET /js/home_post_comments.js [33m404[0m 14.881 ms - 163[0m
[0mGET /js/home_posts.js [33m404[0m 23.536 ms - 155[0m
[0mGET /users/sign-in [32m200[0m 12.466 ms - 2095[0m
[0mGET /users/css/layout.css [33m404[0m 8.316 ms - 159[0m
[0mGET /users/css/header.css [33m404[0m 11.732 ms - 159[0m
[0mGET /users/css/footer.css [33m404[0m 6.128 ms - 159[0m
[0mGET /users/css/layout.css [33m404[0m 6.191 ms - 159[0m
[0mGET /users/css/header.css [33m404[0m 6.228 ms - 159[0m
[0mGET /users/css/footer.css [33m404[0m 7.559 ms - 159[0m
[0mPOST /users/create-session [36m302[0m 10.882 ms - 46[0m
[0mGET / [32m200[0m 31.419 ms - 11627[0m
[0mGET /js/home_post_comments.js [33m404[0m 16.129 ms - 163[0m
[0mGET /css/header.css [33m404[0m 21.358 ms - 153[0m
[0mGET /css/layout.css [33m404[0m 14.773 ms - 153[0m
[0mGET /css/footer.css [33m404[0m 21.142 ms - 153[0m
[0mGET /css/home.css [33m404[0m 50.075 ms - 151[0m
[0mGET /css/chat_box.css [33m404[0m 52.327 ms - 155[0m
[0mGET /js/toggle_likes.js [33m404[0m 25.729 ms - 157[0m
[0mGET /js/home_posts.js [33m404[0m 32.937 ms - 155[0m
[0mGET /js/chat_engine.js [33m404[0m 23.693 ms - 156[0m
[0mGET /css/layout.css [33m404[0m 10.170 ms - 153[0m
[0mGET /css/header.css [33m404[0m 7.120 ms - 153[0m
[0mGET /users/sign-out [36m302[0m 6.509 ms - 46[0m
[0mGET / [32m200[0m 23.262 ms - 8766[0m
[0mGET /css/layout.css [33m404[0m 5.706 ms - 153[0m
[0mGET /js/home_post_comments.js [33m404[0m 9.840 ms - 163[0m
[0mGET /css/footer.css [33m404[0m 12.018 ms - 153[0m
[0mGET /css/header.css [33m404[0m 12.004 ms - 153[0m
[0mGET /css/home.css [33m404[0m 12.042 ms - 151[0m
[0mGET /css/chat_box.css [33m404[0m 12.782 ms - 155[0m
[0mGET /js/home_posts.js [33m404[0m 7.362 ms - 155[0m
[0mGET /js/toggle_likes.js [33m404[0m 7.298 ms - 157[0m
[0mGET /js/chat_engine.js [33m404[0m 6.940 ms - 156[0m
[0mGET /css/layout.css [33m404[0m 7.924 ms - 153[0m
[0mGET /css/header.css [33m404[0m 8.030 ms - 153[0m
[0mGET /css/footer.css [33m404[0m 8.374 ms - 153[0m
[0mGET /css/home.css [33m404[0m 8.973 ms - 151[0m
[0mGET /css/chat_box.css [33m404[0m 13.148 ms - 155[0m
[0mGET /css/layout.css [33m404[0m 11.504 ms - 153[0m
[0mGET /css/header.css [33m404[0m 12.485 ms - 153[0m
[0mGET /css/footer.css [33m404[0m 10.421 ms - 153[0m
[0mGET /css/home.css [33m404[0m 9.907 ms - 151[0m
[0mGET /css/chat_box.css [33m404[0m 9.235 ms - 155[0m
[0mGET / [32m200[0m 36.883 ms - 8477[0m
[0mGET /css/layout.css [33m404[0m 10.769 ms - 153[0m
[0mGET /js/home_post_comments.js [33m404[0m 7.481 ms - 163[0m
[0mGET /css/footer.css [33m404[0m 17.430 ms - 153[0m
[0mGET /css/header.css [33m404[0m 17.442 ms - 153[0m
[0mGET /css/home.css [33m404[0m 17.988 ms - 151[0m
[0mGET /css/chat_box.css [33m404[0m 13.145 ms - 155[0m
[0mGET /js/home_posts.js [33m404[0m 4.392 ms - 155[0m
[0mGET /js/toggle_likes.js [33m404[0m 4.176 ms - 157[0m
[0mGET /js/chat_engine.js [33m404[0m 5.921 ms - 156[0m
[0mGET /js/home_post_comments.js [33m404[0m 13.172 ms - 163[0m
[0mGET /css/layout.css [33m404[0m 13.295 ms - 153[0m
[0mGET /css/header.css [33m404[0m 13.940 ms - 153[0m
[0mGET /css/footer.css [33m404[0m 12.657 ms - 153[0m
[0mGET /css/home.css [33m404[0m 12.068 ms - 151[0m
[0mGET /css/chat_box.css [33m404[0m 16.526 ms - 155[0m
[0mGET /css/layout.css [33m404[0m 4.070 ms - 153[0m
[0mGET /css/header.css [33m404[0m 6.112 ms - 153[0m
[0mGET / [32m200[0m 262.611 ms - 8477[0m
[0mGET /js/home_post_comments.js [33m404[0m 7.056 ms - 163[0m
[0mGET /css/layout.css [33m404[0m 20.803 ms - 153[0m
[0mGET /css/header.css [33m404[0m 15.676 ms - 153[0m
[0mGET /css/footer.css [33m404[0m 15.844 ms - 153[0m
[0mGET /css/chat_box.css [33m404[0m 11.439 ms - 155[0m
[0mGET /css/home.css [33m404[0m 15.464 ms - 151[0m
[0mGET /js/home_posts.js [33m404[0m 5.005 ms - 155[0m
[0mGET /js/toggle_likes.js [33m404[0m 4.425 ms - 157[0m
[0mGET /js/chat_engine.js [33m404[0m 4.831 ms - 156[0m
[0mGET /css/layout.css [33m404[0m 6.989 ms - 153[0m
[0mGET /css/header.css [33m404[0m 7.047 ms - 153[0m
[0mGET /css/footer.css [33m404[0m 7.474 ms - 153[0m
[0mGET /css/chat_box.css [33m404[0m 7.425 ms - 155[0m
[0mGET /css/home.css [33m404[0m 9.522 ms - 151[0m
[0mGET /favicon.ico [33m404[0m 140.130 ms - 150[0m
[0mGET / [32m200[0m 25.449 ms - 8477[0m
[0mGET /js/home_post_comments.js [33m404[0m 8.748 ms - 163[0m
[0mGET /css/layout.css [33m404[0m 6.213 ms - 153[0m
[0mGET /css/header.css [33m404[0m 12.854 ms - 153[0m
[0mGET /css/footer.css [33m404[0m 13.727 ms - 153[0m
[0mGET /css/chat_box.css [33m404[0m 14.299 ms - 155[0m
[0mGET /css/home.css [33m404[0m 14.077 ms - 151[0m
[0mGET /js/home_posts.js [33m404[0m 13.925 ms - 155[0m
[0mGET /js/toggle_likes.js [33m404[0m 5.182 ms - 157[0m
[0mGET /js/chat_engine.js [33m404[0m 8.037 ms - 156[0m
[0mGET /css/layout.css [33m404[0m 10.872 ms - 153[0m
[0mGET /css/header.css [33m404[0m 10.788 ms - 153[0m
[0mGET /css/home.css [33m404[0m 11.739 ms - 151[0m
[0mGET /css/footer.css [33m404[0m 14.241 ms - 153[0m
[0mGET /css/chat_box.css [33m404[0m 14.830 ms - 155[0m
[0mGET /favicon.ico [33m404[0m 6.513 ms - 150[0m
[0mGET / [32m200[0m 24.319 ms - 8477[0m
[0mGET /js/home_post_comments.js [33m404[0m 9.693 ms - 163[0m
[0mGET /css/chat_box.css [33m404[0m 11.724 ms - 155[0m
[0mGET /css/header.css [33m404[0m 19.364 ms - 153[0m
[0mGET /css/layout.css [33m404[0m 19.767 ms - 153[0m
[0mGET /css/footer.css [33m404[0m 20.878 ms - 153[0m
[0mGET /css/home.css [33m404[0m 20.963 ms - 151[0m
[0mGET /js/home_posts.js [33m404[0m 6.750 ms - 155[0m
[0mGET /js/toggle_likes.js [33m404[0m 6.217 ms - 157[0m
[0mGET /js/chat_engine.js [33m404[0m 7.365 ms - 156[0m
[0mGET /css/layout.css [33m404[0m 10.501 ms - 153[0m
[0mGET /css/header.css [33m404[0m 11.365 ms - 153[0m
[0mGET /css/footer.css [33m404[0m 14.301 ms - 153[0m
[0mGET /css/home.css [33m404[0m 17.469 ms - 151[0m
[0mGET /css/chat_box.css [33m404[0m 18.495 ms - 155[0m
[0mGET /favicon.ico [33m404[0m 4.864 ms - 150[0m
[0mGET / [32m200[0m 20.746 ms - 8477[0m
[0mGET /js/home_post_comments.js [33m404[0m 10.299 ms - 163[0m
[0mGET /css/header.css [33m404[0m 10.468 ms - 153[0m
[0mGET /css/layout.css [33m404[0m 9.857 ms - 153[0m
[0mGET /css/home.css [33m404[0m 9.497 ms - 151[0m
[0mGET /css/chat_box.css [33m404[0m 9.150 ms - 155[0m
[0mGET /css/footer.css [33m404[0m 7.487 ms - 153[0m
[0mGET /js/home_posts.js [33m404[0m 6.478 ms - 155[0m
[0mGET /js/toggle_likes.js [33m404[0m 6.895 ms - 157[0m
[0mGET /js/chat_engine.js [33m404[0m 7.250 ms - 156[0m
[0mGET /css/layout.css [33m404[0m 8.028 ms - 153[0m
[0mGET /css/header.css [33m404[0m 8.173 ms - 153[0m
[0mGET /css/footer.css [33m404[0m 10.422 ms - 153[0m
[0mGET /css/home.css [33m404[0m 7.501 ms - 151[0m
[0mGET /css/chat_box.css [33m404[0m 8.600 ms - 155[0m
[0mGET / [32m200[0m 38.717 ms - 8477[0m
[0mGET /js/home_post_comments.js [33m404[0m 11.637 ms - 163[0m
[0mGET /css/layout.css [33m404[0m 6.867 ms - 153[0m
[0mGET /css/header.css [33m404[0m 6.305 ms - 153[0m
[0mGET /js/home_posts.js [33m404[0m 9.481 ms - 155[0m
[0mGET /css/home.css [33m404[0m 16.812 ms - 151[0m
[0mGET /css/footer.css [33m404[0m 16.887 ms - 153[0m
[0mGET /css/chat_box.css [33m404[0m 17.398 ms - 155[0m
[0mGET /js/toggle_likes.js [33m404[0m 4.008 ms - 157[0m
[0mGET /js/chat_engine.js [33m404[0m 3.829 ms - 156[0m
[0mGET / [32m200[0m 35.082 ms - 8477[0m
[0mGET /js/home_post_comments.js [33m404[0m 10.730 ms - 163[0m
[0mGET /css/home.css [33m404[0m 16.680 ms - 151[0m
[0mGET /css/layout.css [33m404[0m 15.016 ms - 153[0m
[0mGET /css/header.css [33m404[0m 15.087 ms - 153[0m
[0mGET /css/chat_box.css [33m404[0m 8.504 ms - 155[0m
[0mGET /css/footer.css [33m404[0m 17.253 ms - 153[0m
[0mGET /js/home_posts.js [33m404[0m 5.485 ms - 155[0m
[0mGET /js/toggle_likes.js [33m404[0m 5.465 ms - 157[0m
[0mGET /js/chat_engine.js [33m404[0m 6.829 ms - 156[0m
[0mGET /css/layout.css [33m404[0m 9.994 ms - 153[0m
[0mGET /css/header.css [33m404[0m 9.082 ms - 153[0m
[0mGET /css/home.css [33m404[0m 9.320 ms - 151[0m
[0mGET /css/footer.css [33m404[0m 9.144 ms - 153[0m
[0mGET /css/chat_box.css [33m404[0m 9.056 ms - 155[0m
[0mGET /favicon.ico [33m404[0m 3.326 ms - 150[0m
[0mGET / [32m200[0m 24.287 ms - 8477[0m
[0mGET /js/home_post_comments.js [33m404[0m 7.348 ms - 163[0m
[0mGET /css/header.css [33m404[0m 9.945 ms - 153[0m
[0mGET /css/layout.css [33m404[0m 10.066 ms - 153[0m
[0mGET /css/chat_box.css [33m404[0m 8.145 ms - 155[0m
[0mGET /css/footer.css [33m404[0m 13.466 ms - 153[0m
[0mGET /css/home.css [33m404[0m 12.026 ms - 151[0m
[0mGET /js/home_posts.js [33m404[0m 7.263 ms - 155[0m
[0mGET /js/toggle_likes.js [33m404[0m 5.348 ms - 157[0m
[0mGET /js/chat_engine.js [33m404[0m 5.317 ms - 156[0m
[0mGET /css/layout.css [33m404[0m 10.439 ms - 153[0m
[0mGET /css/header.css [33m404[0m 10.463 ms - 153[0m
[0mGET /css/footer.css [33m404[0m 13.493 ms - 153[0m
[0mGET /css/home.css [33m404[0m 13.225 ms - 151[0m
[0mGET /css/chat_box.css [33m404[0m 13.935 ms - 155[0m
[0mGET /favicon.ico [33m404[0m 2.489 ms - 150[0m
[0mGET / [32m200[0m 41.089 ms - 8477[0m
[0mGET /css/layout.css [33m404[0m 11.613 ms - 153[0m
[0mGET /js/home_post_comments.js [33m404[0m 11.030 ms - 163[0m
[0mGET /css/home.css [33m404[0m 11.222 ms - 151[0m
[0mGET /css/header.css [33m404[0m 11.101 ms - 153[0m
[0mGET /css/footer.css [33m404[0m 11.047 ms - 153[0m
[0mGET /css/chat_box.css [33m404[0m 15.208 ms - 155[0m
[0mGET /js/home_posts.js [33m404[0m 5.247 ms - 155[0m
[0mGET /js/toggle_likes.js [33m404[0m 5.556 ms - 157[0m
[0mGET /js/chat_engine.js [33m404[0m 7.176 ms - 156[0m
[0mGET /css/layout.css [33m404[0m 10.368 ms - 153[0m
[0mGET /css/header.css [33m404[0m 15.105 ms - 153[0m
[0mGET /css/footer.css [33m404[0m 14.491 ms - 153[0m
[0mGET /css/home.css [33m404[0m 14.988 ms - 151[0m
[0mGET /css/chat_box.css [33m404[0m 16.169 ms - 155[0m
[0mGET / [32m200[0m 30.066 ms - 8477[0m
[0mGET /js/home_post_comments.js [33m404[0m 6.516 ms - 163[0m
[0mGET /css/header.css [33m404[0m 7.280 ms - 153[0m
[0mGET /css/layout.css [33m404[0m 7.128 ms - 153[0m
[0mGET /css/footer.css [33m404[0m 7.070 ms - 153[0m
[0mGET /css/home.css [33m404[0m 11.870 ms - 151[0m
[0mGET /css/chat_box.css [33m404[0m 11.992 ms - 155[0m
[0mGET /js/chat_engine.js [33m404[0m 5.347 ms - 156[0m
[0mGET /js/home_posts.js [33m404[0m 9.554 ms - 155[0m
[0mGET /js/toggle_likes.js [33m404[0m 10.171 ms - 157[0m
[0mGET /css/layout.css [33m404[0m 7.294 ms - 153[0m
[0mGET /css/header.css [33m404[0m 7.248 ms - 153[0m
[0mGET /css/footer.css [33m404[0m 7.153 ms - 153[0m
[0mGET /css/home.css [33m404[0m 7.668 ms - 151[0m
[0mGET /css/chat_box.css [33m404[0m 8.152 ms - 155[0m
[0mGET / [32m200[0m 36.178 ms - 8477[0m
[0mGET /js/home_post_comments.js [33m404[0m 8.524 ms - 163[0m
[0mGET /css/header.css [33m404[0m 9.135 ms - 153[0m
[0mGET /css/layout.css [33m404[0m 9.458 ms - 153[0m
[0mGET /css/footer.css [33m404[0m 13.758 ms - 153[0m
[0mGET /css/home.css [33m404[0m 7.569 ms - 151[0m
[0mGET /css/chat_box.css [33m404[0m 7.496 ms - 155[0m
[0mGET /js/home_posts.js [33m404[0m 5.510 ms - 155[0m
[0mGET /js/toggle_likes.js [33m404[0m 5.914 ms - 157[0m
[0mGET /js/chat_engine.js [33m404[0m 6.989 ms - 156[0m
[0mGET /css/layout.css [33m404[0m 5.545 ms - 153[0m
[0mGET /css/footer.css [33m404[0m 7.410 ms - 153[0m
[0mGET /css/header.css [33m404[0m 7.845 ms - 153[0m
[0mGET /css/home.css [33m404[0m 8.390 ms - 151[0m
[0mGET /css/chat_box.css [33m404[0m 9.434 ms - 155[0m
[0mGET /favicon.ico [33m404[0m 3.732 ms - 150[0m
[0mGET /users/sign-in [36m304[0m 6.905 ms - -[0m
[0mGET /users/css/layout.css [33m404[0m 5.609 ms - 159[0m
[0mGET /users/css/header.css [33m404[0m 7.361 ms - 159[0m
[0mGET /users/css/footer.css [33m404[0m 2.362 ms - 159[0m
[0mGET /users/css/layout.css [33m404[0m 3.842 ms - 159[0m
[0mGET /users/css/header.css [33m404[0m 3.663 ms - 159[0m
[0mGET /users/css/footer.css [33m404[0m 4.583 ms - 159[0m
[0mGET /users/css/layout.css [33m404[0m 2.996 ms - 159[0m
[0mGET /users/css/header.css [33m404[0m 3.931 ms - 159[0m
[0mGET /users/css/footer.css [33m404[0m 2.810 ms - 159[0m
[0mGET /users/sign-in [36m304[0m 9.297 ms - -[0m
[0mGET /users/css/layout.css [33m404[0m 8.152 ms - 159[0m
[0mGET /users/css/header.css [33m404[0m 7.296 ms - 159[0m
[0mGET /users/css/footer.css [33m404[0m 8.022 ms - 159[0m
[0mGET /users/css/layout.css [33m404[0m 8.324 ms - 159[0m
[0mGET /users/css/header.css [33m404[0m 5.061 ms - 159[0m
[0mGET /users/css/footer.css [33m404[0m 8.330 ms - 159[0m
[0mGET /users/sign-up [36m304[0m 5.761 ms - -[0m
[0mGET /users/css/layout.css [33m404[0m 9.715 ms - 159[0m
[0mGET /users/css/header.css [33m404[0m 6.342 ms - 159[0m
[0mGET /users/css/footer.css [33m404[0m 8.417 ms - 159[0m
[0mGET /users/css/layout.css [33m404[0m 7.450 ms - 159[0m
[0mGET /users/css/header.css [33m404[0m 7.676 ms - 159[0m
[0mGET /users/css/footer.css [33m404[0m 7.663 ms - 159[0m
[0mGET /users/sign-in [36m304[0m 7.796 ms - -[0m
[0mGET /users/css/layout.css [33m404[0m 12.993 ms - 159[0m
[0mGET /users/css/header.css [33m404[0m 8.115 ms - 159[0m
[0mGET /users/css/footer.css [33m404[0m 10.320 ms - 159[0m
[0mGET /users/css/layout.css [33m404[0m 6.690 ms - 159[0m
[0mGET /users/css/header.css [33m404[0m 6.715 ms - 159[0m
[0mGET /users/css/footer.css [33m404[0m 8.684 ms - 159[0m
[0mPOST /users/create-session [36m302[0m 11.303 ms - 46[0m
[0mGET / [32m200[0m 32.529 ms - 11627[0m
[0mGET /js/home_post_comments.js [33m404[0m 42.083 ms - 163[0m
[0mGET /css/header.css [33m404[0m 41.028 ms - 153[0m
[0mGET /css/layout.css [33m404[0m 43.267 ms - 153[0m
[0mGET /css/footer.css [33m404[0m 33.826 ms - 153[0m
[0mGET /css/chat_box.css [33m404[0m 34.098 ms - 155[0m
[0mGET /css/home.css [33m404[0m 45.121 ms - 151[0m
[0mGET /js/home_posts.js [33m404[0m 18.995 ms - 155[0m
[0mGET /js/toggle_likes.js [33m404[0m 18.829 ms - 157[0m
[0mGET /js/chat_engine.js [33m404[0m 17.068 ms - 156[0m
[0mGET /css/layout.css [33m404[0m 28.934 ms - 153[0m
[0mGET /css/home.css [33m404[0m 27.436 ms - 151[0m
[0mGET /css/footer.css [33m404[0m 25.549 ms - 153[0m
[0mGET /css/chat_box.css [33m404[0m 25.561 ms - 155[0m
[0mGET /css/header.css [33m404[0m 27.388 ms - 153[0m
[0mGET / [32m200[0m 87.592 ms - 11336[0m
[0mGET /js/home_post_comments.js [33m404[0m 22.540 ms - 163[0m
[0mGET /js/home_posts.js [33m404[0m 25.341 ms - 155[0m
[0mGET /js/toggle_likes.js [33m404[0m 27.603 ms - 157[0m
[0mGET /js/chat_engine.js [33m404[0m 30.384 ms - 156[0m
[0mGET /css/layout.css [33m404[0m 30.218 ms - 153[0m
[0mGET /css/footer.css [33m404[0m 27.624 ms - 153[0m
[0mGET /css/header.css [33m404[0m 35.680 ms - 153[0m
[0mGET /css/home.css [33m404[0m 28.038 ms - 151[0m
[0mGET /css/chat_box.css [33m404[0m 29.372 ms - 155[0m
[0mGET /users/sign-out [36m302[0m 12.984 ms - 46[0m
[0mGET / [32m200[0m 44.928 ms - 8766[0m
[0mGET /js/home_post_comments.js [33m404[0m 16.835 ms - 163[0m
[0mGET /css/layout.css [33m404[0m 10.938 ms - 153[0m
[0mGET /css/header.css [33m404[0m 10.618 ms - 153[0m
[0mGET /css/footer.css [33m404[0m 14.088 ms - 153[0m
[0mGET /css/home.css [33m404[0m 14.538 ms - 151[0m
[0mGET /css/chat_box.css [33m404[0m 15.029 ms - 155[0m
[0mGET /js/home_posts.js [33m404[0m 17.235 ms - 155[0m
[0mGET /js/toggle_likes.js [33m404[0m 16.789 ms - 157[0m
[0mGET /js/chat_engine.js [33m404[0m 10.109 ms - 156[0m
[0mGET /css/layout.css [33m404[0m 7.295 ms - 153[0m
[0mGET /css/header.css [33m404[0m 7.554 ms - 153[0m
[0mGET /css/footer.css [33m404[0m 12.157 ms - 153[0m
[0mGET /css/home.css [33m404[0m 12.703 ms - 151[0m
[0mGET /css/chat_box.css [33m404[0m 12.144 ms - 155[0m
[0mGET /users/sign-in [36m304[0m 6.478 ms - -[0m
[0mGET /users/css/layout.css [33m404[0m 6.528 ms - 159[0m
[0mGET /users/css/header.css [33m404[0m 5.601 ms - 159[0m
[0mGET /users/css/footer.css [33m404[0m 6.635 ms - 159[0m
[0mGET /users/css/layout.css [33m404[0m 4.423 ms - 159[0m
[0mGET /users/css/header.css [33m404[0m 4.421 ms - 159[0m
[0mGET /users/css/footer.css [33m404[0m 6.637 ms - 159[0m
[0mGET /users/sign-up [36m304[0m 7.901 ms - -[0m
[0mGET /users/css/layout.css [33m404[0m 8.799 ms - 159[0m
[0mGET /users/css/header.css [33m404[0m 11.432 ms - 159[0m
[0mGET /users/css/footer.css [33m404[0m 7.499 ms - 159[0m
[0mGET /users/css/layout.css [33m404[0m 9.991 ms - 159[0m
[0mGET /users/css/header.css [33m404[0m 9.710 ms - 159[0m
[0mGET /users/css/footer.css [33m404[0m 10.415 ms - 159[0m
[0mGET / [32m200[0m 44.851 ms - 8477[0m
[0mGET /js/home_post_comments.js [33m404[0m 10.540 ms - 163[0m
[0mGET /css/layout.css [33m404[0m 10.012 ms - 153[0m
[0mGET /css/home.css [33m404[0m 13.515 ms - 151[0m
[0mGET /css/header.css [33m404[0m 12.897 ms - 153[0m
[0mGET /css/footer.css [33m404[0m 13.021 ms - 153[0m
[0mGET /css/chat_box.css [33m404[0m 12.737 ms - 155[0m
[0mGET /js/home_posts.js [33m404[0m 5.894 ms - 155[0m
[0mGET /js/toggle_likes.js [33m404[0m 6.798 ms - 157[0m
[0mGET /js/chat_engine.js [33m404[0m 5.277 ms - 156[0m
[0mGET /css/layout.css [33m404[0m 17.855 ms - 153[0m
[0mGET /js/home_post_comments.js [33m404[0m 8.656 ms - 163[0m
[0mGET /js/home_posts.js [33m404[0m 12.198 ms - 155[0m
[0mGET /css/header.css [33m404[0m 12.041 ms - 153[0m
[0mGET /css/footer.css [33m404[0m 7.031 ms - 153[0m
[0mGET /css/chat_box.css [33m404[0m 8.018 ms - 155[0m
[0mGET /js/toggle_likes.js [33m404[0m 5.242 ms - 157[0m
[0mGET / [36m304[0m 134.240 ms - -[0m
[0mGET /js/home_post_comments.js [33m404[0m 9.493 ms - 163[0m
[0mGET /js/home_posts.js [33m404[0m 24.543 ms - 155[0m
[0mGET /js/toggle_likes.js [33m404[0m 21.480 ms - 157[0m
[0mGET /js/chat_engine.js [33m404[0m 13.427 ms - 156[0m
[0mGET / [36m304[0m 93.983 ms - -[0m
[0mGET /js/home_post_comments.js [33m404[0m 11.466 ms - 163[0m
[0mGET /js/home_posts.js [33m404[0m 13.052 ms - 155[0m
[0mGET /js/toggle_likes.js [33m404[0m 14.041 ms - 157[0m
[0mGET /js/chat_engine.js [33m404[0m 10.850 ms - 156[0m
[0mGET /js/home_post_comments.js [33m404[0m 11.678 ms - 163[0m
[0mGET /js/home_posts.js [33m404[0m 11.762 ms - 155[0m
[0mGET /js/toggle_likes.js [33m404[0m 10.826 ms - 157[0m
[0mGET /js/chat_engine.js [33m404[0m 16.381 ms - 156[0m
[0mGET /users/sign-in [36m304[0m 6.871 ms - -[0m
[0mGET /users/css/layout.css [33m404[0m 6.826 ms - 159[0m
[0mGET /users/css/header.css [33m404[0m 10.054 ms - 159[0m
[0mGET /users/css/footer.css [33m404[0m 7.435 ms - 159[0m
[0mGET /users/css/layout.css [33m404[0m 5.955 ms - 159[0m
[0mGET /users/css/header.css [33m404[0m 7.062 ms - 159[0m
[0mGET /users/css/footer.css [33m404[0m 8.947 ms - 159[0m
::1 - - [05/Jul/2022:06:35:48 +0000] "GET / HTTP/1.1" 200 2994 "-" "Mozilla/5.0 (Windows NT 10.0; Win64; x64) AppleWebKit/537.36 (KHTML, like Gecko) Chrome/103.0.0.0 Safari/537.36"
::1 - - [05/Jul/2022:06:35:54 +0000] "GET /users/sign-in HTTP/1.1" 200 2131 "http://localhost:8000/" "Mozilla/5.0 (Windows NT 10.0; Win64; x64) AppleWebKit/537.36 (KHTML, like Gecko) Chrome/103.0.0.0 Safari/537.36"
::1 - - [05/Jul/2022:06:35:56 +0000] "GET /users/sign-up HTTP/1.1" 200 2287 "http://localhost:8000/users/sign-in" "Mozilla/5.0 (Windows NT 10.0; Win64; x64) AppleWebKit/537.36 (KHTML, like Gecko) Chrome/103.0.0.0 Safari/537.36"
::1 - - [05/Jul/2022:06:35:58 +0000] "GET /users/sign-in HTTP/1.1" 304 - "http://localhost:8000/users/sign-up" "Mozilla/5.0 (Windows NT 10.0; Win64; x64) AppleWebKit/537.36 (KHTML, like Gecko) Chrome/103.0.0.0 Safari/537.36"
::1 - - [05/Jul/2022:06:36:06 +0000] "POST /users/create-session HTTP/1.1" 302 72 "http://localhost:8000/users/sign-in" "Mozilla/5.0 (Windows NT 10.0; Win64; x64) AppleWebKit/537.36 (KHTML, like Gecko) Chrome/103.0.0.0 Safari/537.36"
::1 - - [05/Jul/2022:06:36:06 +0000] "GET /users/sign-in HTTP/1.1" 200 2423 "http://localhost:8000/users/sign-in" "Mozilla/5.0 (Windows NT 10.0; Win64; x64) AppleWebKit/537.36 (KHTML, like Gecko) Chrome/103.0.0.0 Safari/537.36"
::1 - - [05/Jul/2022:06:36:10 +0000] "GET /users/sign-up HTTP/1.1" 304 - "http://localhost:8000/users/sign-in" "Mozilla/5.0 (Windows NT 10.0; Win64; x64) AppleWebKit/537.36 (KHTML, like Gecko) Chrome/103.0.0.0 Safari/537.36"
::1 - - [05/Jul/2022:06:36:18 +0000] "POST /users/create HTTP/1.1" 302 72 "http://localhost:8000/users/sign-up" "Mozilla/5.0 (Windows NT 10.0; Win64; x64) AppleWebKit/537.36 (KHTML, like Gecko) Chrome/103.0.0.0 Safari/537.36"
::1 - - [05/Jul/2022:06:36:18 +0000] "GET /users/sign-in HTTP/1.1" 200 2131 "http://localhost:8000/users/sign-up" "Mozilla/5.0 (Windows NT 10.0; Win64; x64) AppleWebKit/537.36 (KHTML, like Gecko) Chrome/103.0.0.0 Safari/537.36"
::1 - - [05/Jul/2022:06:36:23 +0000] "POST /users/create-session HTTP/1.1" 302 46 "http://localhost:8000/users/sign-in" "Mozilla/5.0 (Windows NT 10.0; Win64; x64) AppleWebKit/537.36 (KHTML, like Gecko) Chrome/103.0.0.0 Safari/537.36"
::1 - - [05/Jul/2022:06:36:23 +0000] "GET / HTTP/1.1" 200 4153 "http://localhost:8000/users/sign-in" "Mozilla/5.0 (Windows NT 10.0; Win64; x64) AppleWebKit/537.36 (KHTML, like Gecko) Chrome/103.0.0.0 Safari/537.36"
::1 - - [05/Jul/2022:06:36:41 +0000] "GET /users/sign-out HTTP/1.1" 302 46 "http://localhost:8000/" "Mozilla/5.0 (Windows NT 10.0; Win64; x64) AppleWebKit/537.36 (KHTML, like Gecko) Chrome/103.0.0.0 Safari/537.36"
::1 - - [05/Jul/2022:06:36:41 +0000] "GET / HTTP/1.1" 200 3418 "http://localhost:8000/" "Mozilla/5.0 (Windows NT 10.0; Win64; x64) AppleWebKit/537.36 (KHTML, like Gecko) Chrome/103.0.0.0 Safari/537.36"
[0mGET / [32m200[0m 72.033 ms - 8477[0m
[0mGET /js/home_post_comments.js [33m404[0m 11.336 ms - 163[0m
[0mGET /js/home_posts.js [33m404[0m 13.527 ms - 155[0m
[0mGET /js/toggle_likes.js [33m404[0m 11.818 ms - 157[0m
[0mGET /js/chat_engine.js [33m404[0m 11.566 ms - 156[0m
[0mGET /users/sign-in [32m200[0m 8.928 ms - 2095[0m
[0mGET /users/css/layout.css [33m404[0m 15.305 ms - 159[0m
[0mGET /users/css/header.css [33m404[0m 8.673 ms - 159[0m
[0mGET /users/css/footer.css [33m404[0m 10.275 ms - 159[0m
[0mGET /css/layout.css [33m404[0m 13.138 ms - 153[0m
[0mGET /css/footer.css [33m404[0m 13.778 ms - 153[0m
[0mGET /css/chat_box.css [33m404[0m 24.326 ms - 155[0m
[0mGET /css/header.css [33m404[0m 19.757 ms - 153[0m
[0mGET /css/home.css [33m404[0m 13.916 ms - 151[0m
[0mGET /users/sign-in [36m304[0m 8.903 ms - -[0m
[0mGET /users/css/layout.css [33m404[0m 10.368 ms - 159[0m
[0mGET /users/css/header.css [33m404[0m 11.020 ms - 159[0m
[0mGET /users/css/footer.css [33m404[0m 9.178 ms - 159[0m
[0mGET /users/css/layout.css [33m404[0m 8.288 ms - 159[0m
[0mGET /users/css/header.css [33m404[0m 7.046 ms - 159[0m
[0mGET /users/css/footer.css [33m404[0m 7.896 ms - 159[0m
[0mPOST /users/create-session [36m302[0m 11.530 ms - 46[0m
[0mGET / [32m200[0m 38.740 ms - 11627[0m
[0mGET /js/home_post_comments.js [33m404[0m 23.577 ms - 163[0m
[0mGET /css/layout.css [33m404[0m 29.614 ms - 153[0m
[0mGET /css/header.css [33m404[0m 29.131 ms - 153[0m
[0mGET /css/home.css [33m404[0m 31.926 ms - 151[0m
[0mGET /css/chat_box.css [33m404[0m 34.132 ms - 155[0m
[0mGET /css/footer.css [33m404[0m 36.428 ms - 153[0m
[0mGET /js/home_posts.js [33m404[0m 25.736 ms - 155[0m
[0mGET /js/toggle_likes.js [33m404[0m 19.678 ms - 157[0m
[0mGET /js/chat_engine.js [33m404[0m 20.561 ms - 156[0m
[0mGET /css/layout.css [33m404[0m 26.557 ms - 153[0m
[0mGET /css/header.css [33m404[0m 26.626 ms - 153[0m
[0mGET /css/footer.css [33m404[0m 26.923 ms - 153[0m
[0mGET /css/home.css [33m404[0m 30.278 ms - 151[0m
[0mGET /css/chat_box.css [33m404[0m 29.590 ms - 155[0m
[0mGET / [32m200[0m 73.349 ms - 11339[0m
[0mGET /js/home_post_comments.js [33m404[0m 27.902 ms - 163[0m
[0mGET /js/home_posts.js [33m404[0m 40.657 ms - 155[0m
[0mGET /js/toggle_likes.js [33m404[0m 46.093 ms - 157[0m
[0mGET /js/chat_engine.js [33m404[0m 27.360 ms - 156[0m
[0mGET / [36m304[0m 46.283 ms - -[0m
[0mGET /js/home_post_comments.js [33m404[0m 28.778 ms - 163[0m
[0mGET /css/header.css [33m404[0m 33.523 ms - 153[0m
[0mGET /css/layout.css [33m404[0m 30.935 ms - 153[0m
[0mGET /css/footer.css [33m404[0m 43.441 ms - 153[0m
[0mGET /css/home.css [33m404[0m 45.734 ms - 151[0m
[0mGET /css/chat_box.css [33m404[0m 45.454 ms - 155[0m
[0mGET /js/chat_engine.js [33m404[0m 14.149 ms - 156[0m
[0mGET /js/home_posts.js [33m404[0m 19.043 ms - 155[0m
[0mGET /js/toggle_likes.js [33m404[0m 21.229 ms - 157[0m
[0mGET /users/sign-out [36m302[0m 12.813 ms - 46[0m
[0mGET / [32m200[0m 29.263 ms - 8769[0m
[0mGET /css/layout.css [33m404[0m 15.032 ms - 153[0m
[0mGET /js/home_post_comments.js [33m404[0m 15.510 ms - 163[0m
[0mGET /css/header.css [33m404[0m 15.457 ms - 153[0m
[0mGET /css/footer.css [33m404[0m 16.956 ms - 153[0m
[0mGET /css/home.css [33m404[0m 17.621 ms - 151[0m
[0mGET /css/chat_box.css [33m404[0m 21.549 ms - 155[0m
[0mGET /js/home_posts.js [33m404[0m 11.385 ms - 155[0m
[0mGET /js/toggle_likes.js [33m404[0m 11.991 ms - 157[0m
[0mGET /js/chat_engine.js [33m404[0m 15.240 ms - 156[0m
[0mGET /users/sign-in [36m304[0m 11.434 ms - -[0m
[0mGET /users/css/layout.css [33m404[0m 11.334 ms - 159[0m
[0mGET /users/css/header.css [33m404[0m 10.382 ms - 159[0m
[0mGET /users/css/footer.css [33m404[0m 11.672 ms - 159[0m
[0mGET /users/css/layout.css [33m404[0m 7.435 ms - 159[0m
[0mGET /users/css/header.css [33m404[0m 7.622 ms - 159[0m
[0mGET /users/css/footer.css [33m404[0m 8.867 ms - 159[0m
[0mPOST /users/create-session [36m302[0m 7.453 ms - 46[0m
[0mGET / [32m200[0m 30.608 ms - 11630[0m
[0mGET /js/home_post_comments.js [33m404[0m 37.341 ms - 163[0m
[0mGET /css/layout.css [33m404[0m 36.345 ms - 153[0m
[0mGET /css/header.css [33m404[0m 39.550 ms - 153[0m
[0mGET /css/chat_box.css [33m404[0m 28.167 ms - 155[0m
[0mGET /css/home.css [33m404[0m 34.501 ms - 151[0m
[0mGET /css/footer.css [33m404[0m 38.544 ms - 153[0m
[0mGET /js/home_posts.js [33m404[0m 19.279 ms - 155[0m
[0mGET /js/toggle_likes.js [33m404[0m 22.172 ms - 157[0m
[0mGET /js/chat_engine.js [33m404[0m 21.387 ms - 156[0m
[0mGET /css/layout.css [33m404[0m 20.938 ms - 153[0m
[0mGET /css/header.css [33m404[0m 20.559 ms - 153[0m
[0mGET /css/footer.css [33m404[0m 27.253 ms - 153[0m
[0mGET /css/home.css [33m404[0m 24.084 ms - 151[0m
[0mGET /css/chat_box.css [33m404[0m 26.594 ms - 155[0m
[0mGET /users/sign-out [36m302[0m 48.818 ms - 46[0m
[0mGET / [32m200[0m 103.945 ms - 8766[0m
[0mGET /js/home_post_comments.js [33m404[0m 14.453 ms - 163[0m
[0mGET /js/home_posts.js [33m404[0m 9.375 ms - 155[0m
[0mGET /js/chat_engine.js [33m404[0m 9.686 ms - 156[0m
[0mGET /js/toggle_likes.js [33m404[0m 13.674 ms - 157[0m
[0mGET /users/sign-in [36m304[0m 13.272 ms - -[0m
[0mGET /users/css/layout.css [33m404[0m 10.739 ms - 159[0m
[0mGET /users/css/header.css [33m404[0m 11.327 ms - 159[0m
[0mGET /users/css/footer.css [33m404[0m 12.117 ms - 159[0m
[0mGET /users/css/layout.css [33m404[0m 9.173 ms - 159[0m
[0mGET /users/css/header.css [33m404[0m 10.737 ms - 159[0m
[0mGET /users/css/footer.css [33m404[0m 11.393 ms - 159[0m
[0mGET /users/sign-in [36m304[0m 6.884 ms - -[0m
[0mGET /users/css/layout.css [33m404[0m 8.942 ms - 159[0m
[0mGET /users/css/header.css [33m404[0m 8.574 ms - 159[0m
[0mGET /users/css/footer.css [33m404[0m 9.085 ms - 159[0m
[0mGET /users/css/layout.css [33m404[0m 9.053 ms - 159[0m
[0mGET /users/css/header.css [33m404[0m 6.464 ms - 159[0m
[0mGET /users/css/footer.css [33m404[0m 8.078 ms - 159[0m
[0mGET /users/sign-in [36m304[0m 16.597 ms - -[0m
[0mGET /users/css/layout.css [33m404[0m 5.969 ms - 159[0m
[0mGET /users/css/header.css [33m404[0m 9.694 ms - 159[0m
[0mGET /users/css/footer.css [33m404[0m 5.951 ms - 159[0m
[0mGET /users/css/layout.css [33m404[0m 6.793 ms - 159[0m
[0mGET /users/css/header.css [33m404[0m 4.431 ms - 159[0m
[0mGET /users/css/footer.css [33m404[0m 8.573 ms - 159[0m
[0mGET /users/sign-in [36m304[0m 8.045 ms - -[0m
[0mGET /users/css/layout.css [33m404[0m 4.655 ms - 159[0m
[0mGET /users/css/header.css [33m404[0m 8.038 ms - 159[0m
[0mGET /users/css/footer.css [33m404[0m 9.982 ms - 159[0m
[0mPOST /users/create-session [36m302[0m 8.062 ms - 46[0m
[0mGET / [32m200[0m 43.031 ms - 11631[0m
[0mGET /css/layout.css [33m404[0m 22.420 ms - 153[0m
[0mGET /css/header.css [33m404[0m 30.692 ms - 153[0m
[0mGET /js/home_post_comments.js [33m404[0m 23.310 ms - 163[0m
[0mGET /css/footer.css [33m404[0m 37.736 ms - 153[0m
[0mGET /css/chat_box.css [33m404[0m 37.975 ms - 155[0m
[0mGET /css/home.css [33m404[0m 36.937 ms - 151[0m
[0mGET /js/home_posts.js [33m404[0m 15.579 ms - 155[0m
[0mGET /js/toggle_likes.js [33m404[0m 16.498 ms - 157[0m
[0mGET /js/chat_engine.js [33m404[0m 18.137 ms - 156[0m
[0mGET /css/layout.css [33m404[0m 21.564 ms - 153[0m
[0mGET /css/header.css [33m404[0m 19.607 ms - 153[0m
[0mGET /css/footer.css [33m404[0m 19.670 ms - 153[0m
[0mGET /css/home.css [33m404[0m 20.642 ms - 151[0m
[0mGET /css/chat_box.css [33m404[0m 21.966 ms - 155[0m
::1 - - [05/Jul/2022:06:57:22 +0000] "GET / HTTP/1.1" 200 3129 "http://localhost:8000/users/sign-in" "Mozilla/5.0 (Linux; Android 6.0; Nexus 5 Build/MRA58N) AppleWebKit/537.36 (KHTML, like Gecko) Chrome/103.0.0.0 Mobile Safari/537.36"
::1 - - [05/Jul/2022:06:57:27 +0000] "GET /users/sign-in HTTP/1.1" 200 2131 "http://localhost:8000/" "Mozilla/5.0 (Windows NT 10.0; Win64; x64) AppleWebKit/537.36 (KHTML, like Gecko) Chrome/103.0.0.0 Safari/537.36"
::1 - - [05/Jul/2022:06:57:27 +0000] "GET /users/sign-in HTTP/1.1" 304 - "http://localhost:8000/users/sign-in" "Mozilla/5.0 (Windows NT 10.0; Win64; x64) AppleWebKit/537.36 (KHTML, like Gecko) Chrome/103.0.0.0 Safari/537.36"
[0mGET / [32m200[0m 89.967 ms - 8486[0m
[0mGET /js/home_post_comments.js [33m404[0m 7.735 ms - 163[0m
[0mGET /js/home_posts.js [33m404[0m 14.295 ms - 155[0m
[0mGET /js/toggle_likes.js [33m404[0m 14.048 ms - 157[0m
[0mGET /js/chat_engine.js [33m404[0m 11.204 ms - 156[0m
[0mGET /js/home_posts.js [33m404[0m 14.011 ms - 155[0m
[0mGET /js/toggle_likes.js [33m404[0m 15.108 ms - 157[0m
[0mGET /js/chat_engine.js [33m404[0m 14.274 ms - 156[0m
[0mGET /users/sign-in [32m200[0m 10.086 ms - 2098[0m
[0mGET /css/layout.css [33m404[0m 8.150 ms - 153[0m
[0mGET /css/header.css [33m404[0m 8.913 ms - 153[0m
[0mGET /css/footer.css [33m404[0m 9.694 ms - 153[0m
[0mGET /css/layout.css [33m404[0m 5.294 ms - 153[0m
[0mGET /css/header.css [33m404[0m 5.106 ms - 153[0m
[0mGET /css/footer.css [33m404[0m 5.925 ms - 153[0m
[0mGET /users/sign-in [36m304[0m 5.188 ms - -[0m
[0mGET /css/layout.css [33m404[0m 7.999 ms - 153[0m
[0mGET /css/header.css [33m404[0m 8.313 ms - 153[0m
[0mGET /css/footer.css [33m404[0m 9.254 ms - 153[0m
[0mGET /css/layout.css [33m404[0m 10.727 ms - 153[0m
[0mGET /css/footer.css [33m404[0m 10.864 ms - 153[0m
[0mGET /css/header.css [33m404[0m 12.902 ms - 153[0m
[0mGET / [36m304[0m 91.971 ms - -[0m
[0mGET /js/home_post_comments.js [33m404[0m 10.408 ms - 163[0m
[0mGET /js/home_posts.js [33m404[0m 18.410 ms - 155[0m
[0mGET /js/toggle_likes.js [33m404[0m 11.261 ms - 157[0m
[0mGET /js/chat_engine.js [33m404[0m 5.129 ms - 156[0m
[0mGET /users/sign-in [36m304[0m 8.507 ms - -[0m
[0mGET /css/header.css [33m404[0m 5.748 ms - 153[0m
[0mGET /css/layout.css [33m404[0m 6.502 ms - 153[0m
[0mGET /css/footer.css [33m404[0m 10.649 ms - 153[0m
[0mGET /css/layout.css [33m404[0m 6.779 ms - 153[0m
[0mGET /css/header.css [33m404[0m 8.078 ms - 153[0m
[0mGET /css/footer.css [33m404[0m 6.894 ms - 153[0m
[0mGET /users/sign-in [32m200[0m 19.432 ms - 2098[0m
[0mGET /css/header.css [33m404[0m 5.423 ms - 153[0m
[0mGET /css/layout.css [33m404[0m 6.571 ms - 153[0m
[0mGET /css/footer.css [33m404[0m 5.747 ms - 153[0m
[0mGET /css/layout.css [33m404[0m 8.048 ms - 153[0m
[0mGET /css/footer.css [33m404[0m 8.546 ms - 153[0m
[0mGET /css/header.css [33m404[0m 10.098 ms - 153[0m
[0mGET /favicon.ico [33m404[0m 2.377 ms - 150[0m
[0mGET /css/layout.css [33m404[0m 5.631 ms - 153[0m
[0mGET /css/footer.css [33m404[0m 7.811 ms - 153[0m
[0mGET /css/header.css [33m404[0m 5.546 ms - 153[0m
[0mPOST /users/create-session [36m302[0m 11.099 ms - 46[0m
[0mGET / [32m200[0m 43.546 ms - 11635[0m
[0mGET /css/layout.css [33m404[0m 22.315 ms - 153[0m
[0mGET /js/home_post_comments.js [33m404[0m 30.969 ms - 163[0m
[0mGET /css/home.css [33m404[0m 26.317 ms - 151[0m
[0mGET /css/footer.css [33m404[0m 24.844 ms - 153[0m
[0mGET /css/header.css [33m404[0m 32.292 ms - 153[0m
[0mGET /css/chat_box.css [33m404[0m 39.845 ms - 155[0m
[0mGET /js/home_posts.js [33m404[0m 38.413 ms - 155[0m
[0mGET /js/toggle_likes.js [33m404[0m 14.621 ms - 157[0m
[0mGET /js/chat_engine.js [33m404[0m 15.337 ms - 156[0m
[0mGET /css/layout.css [33m404[0m 20.078 ms - 153[0m
[0mGET /css/header.css [33m404[0m 20.012 ms - 153[0m
[0mGET /css/footer.css [33m404[0m 19.655 ms - 153[0m
[0mGET /css/home.css [33m404[0m 17.389 ms - 151[0m
[0mGET /css/chat_box.css [33m404[0m 19.785 ms - 155[0m
::1 - - [05/Jul/2022:07:03:40 +0000] "GET / HTTP/1.1" 200 3128 "http://localhost:8000/users/sign-in" "Mozilla/5.0 (Linux; Android 6.0; Nexus 5 Build/MRA58N) AppleWebKit/537.36 (KHTML, like Gecko) Chrome/103.0.0.0 Mobile Safari/537.36"
[0mGET / [32m200[0m 59.389 ms - 8537[0m
[0mGET /js/home_post_comments.js [33m404[0m 9.325 ms - 163[0m
[0mGET /js/home_posts.js [33m404[0m 14.546 ms - 155[0m
[0mGET /js/toggle_likes.js [33m404[0m 12.250 ms - 157[0m
[0mGET /js/chat_engine.js [33m404[0m 15.864 ms - 156[0m
[0mGET /js/home_posts.js [33m404[0m 4.084 ms - 155[0m
[0mGET /users/sign-in [36m304[0m 7.530 ms - -[0m
[0mGET /css/layout.css [33m404[0m 5.798 ms - 153[0m
[0mGET /css/header.css [33m404[0m 6.633 ms - 153[0m
[0mGET /css/footer.css [33m404[0m 8.502 ms - 153[0m
[0mGET /css/layout.css [33m404[0m 6.126 ms - 153[0m
[0mGET /css/header.css [33m404[0m 6.438 ms - 153[0m
[0mGET /css/footer.css [33m404[0m 8.569 ms - 153[0m
[0mGET /css/header.css [33m404[0m 9.645 ms - 153[0m
[0mGET /css/layout.css [33m404[0m 11.281 ms - 153[0m
[0mGET /css/footer.css [33m404[0m 8.147 ms - 153[0m
[0mPOST /users/create-session [36m302[0m 10.149 ms - 46[0m
[0mGET / [32m200[0m 42.953 ms - 11687[0m
[0mGET /css/layout.css [33m404[0m 23.226 ms - 153[0m
[0mGET /css/header.css [33m404[0m 29.657 ms - 153[0m
[0mGET /js/home_post_comments.js [33m404[0m 30.293 ms - 163[0m
[0mGET /css/footer.css [33m404[0m 42.102 ms - 153[0m
[0mGET /css/chat_box.css [33m404[0m 40.306 ms - 155[0m
[0mGET /css/home.css [33m404[0m 43.815 ms - 151[0m
[0mGET /js/home_posts.js [33m404[0m 25.341 ms - 155[0m
[0mGET /js/toggle_likes.js [33m404[0m 27.180 ms - 157[0m
[0mGET /js/chat_engine.js [33m404[0m 22.130 ms - 156[0m
[0mGET /css/layout.css [33m404[0m 29.113 ms - 153[0m
[0mGET /css/header.css [33m404[0m 31.421 ms - 153[0m
[0mGET /css/footer.css [33m404[0m 25.382 ms - 153[0m
[0mGET /css/home.css [33m404[0m 25.986 ms - 151[0m
[0mGET /css/chat_box.css [33m404[0m 29.797 ms - 155[0m
[0mGET /js/home_posts.js [33m404[0m 11.126 ms - 155[0m
[0mGET /js/home_posts.js [33m404[0m 9.516 ms - 155[0m
[0mGET / [32m200[0m 114.148 ms - 11344[0m
[0mGET /users/sign-out [36m302[0m 9.712 ms - 46[0m
[0mGET / [32m200[0m 33.304 ms - 8774[0m
[0mGET /users/sign-in [36m304[0m 8.595 ms - -[0m
[0mGET /users/sign-up [32m200[0m 11.356 ms - 2254[0m
[0mGET /users/sign-in [36m304[0m 7.248 ms - -[0m
[0mGET / [32m200[0m 179.805 ms - 8485[0m
[0mGET /favicon.ico [33m404[0m 11.758 ms - 150[0m
[0mGET /users/sign-in [36m304[0m 25.131 ms - -[0m
[0mGET /users/sign-up [36m304[0m 8.276 ms - -[0m
[0mGET /users/sign-in [36m304[0m 16.875 ms - -[0m
[0mGET /users/sign-in [36m304[0m 7.534 ms - -[0m
[0mPOST /users/create-session [36m302[0m 29.147 ms - 46[0m
[0mGET / [32m200[0m 42.373 ms - 11635[0m
[0mGET /users/sign-out [36m302[0m 19.696 ms - 46[0m
[0mGET / [32m200[0m 39.305 ms - 9011[0m
[0mGET /users/sign-in [32m200[0m 8.251 ms - 2909[0m
[0mGET /users/sign-in [32m200[0m 5.853 ms - 2769[0m
[0mGET /users/sign-in [32m200[0m 5.661 ms - 2793[0m
[0mGET /users/sign-in [36m304[0m 5.603 ms - -[0m
[0mGET /users/sign-in [36m304[0m 5.623 ms - -[0m
[0mGET /users/sign-in [32m200[0m 4.785 ms - 2796[0m
[0mGET /users/sign-in [32m200[0m 4.993 ms - 2967[0m
[0mGET /users/sign-in [32m200[0m 7.731 ms - 3031[0m
[0mGET /users/sign-in [32m200[0m 6.220 ms - 3146[0m
[0mGET /users/sign-in [32m200[0m 6.865 ms - 3158[0m
[0mGET /users/sign-in [32m200[0m 5.986 ms - 3163[0m
[0mGET /users/sign-in [32m200[0m 6.644 ms - 3291[0m
[0mGET /users/sign-in [32m200[0m 5.086 ms - 3291[0m
[0mGET /users/sign-in [32m200[0m 4.753 ms - 3291[0m
[0mGET /users/sign-in [32m200[0m 5.827 ms - 3291[0m
[0mGET /users/sign-in [32m200[0m 5.737 ms - 3291[0m
[0mGET / [32m200[0m 48.088 ms - 8722[0m
[0mGET /users/sign-in [36m304[0m 5.809 ms - -[0m
[0mGET /users/profile [33m404[0m 5.970 ms - 152[0m
[0mGET /users/sign-up [32m200[0m 4.615 ms - 2491[0m
[0mGET /users/sign-in [36m304[0m 7.506 ms - -[0m
[0mGET /users/sign-up [32m200[0m 5.880 ms - 3758[0m
[0mGET /users/sign-up [32m200[0m 5.924 ms - 3975[0m
[0mGET /users/auth/google [36m302[0m 6.588 ms - 0[0m
[0mGET /users/sign-in [36m304[0m 5.130 ms - -[0m
[0mGET /users/sign-up [36m304[0m 4.916 ms - -[0m
[0mGET /users/sign-up [32m200[0m 5.856 ms - 3973[0m
[0mGET /users/sign-in [32m200[0m 6.506 ms - 3289[0m
[0mGET /users/sign-up [36m304[0m 4.455 ms - -[0m
[0mGET /users/sign-in [36m304[0m 4.809 ms - -[0m
[0mPOST /users/create-session [36m302[0m 6.923 ms - 72[0m
[0mGET /users/sign-in [32m200[0m 4.495 ms - 3581[0m
[0mPOST /users/create-session [36m302[0m 5.685 ms - 46[0m
[0mGET / [32m200[0m 32.893 ms - 11870[0m
[0mGET /users/profile/62bc31fda8d62a4494e384c0 [32m200[0m 28.504 ms - 2184[0m
[0mGET /users/profile [33m404[0m 7.511 ms - 152[0m
[0mGET /users/profile [33m404[0m 6.930 ms - 152[0m
[0mGET / [32m200[0m 26.289 ms - 11579[0m
[0mGET /users/profile [33m404[0m 5.784 ms - 152[0m
[0mGET /users/sign-out [36m302[0m 6.088 ms - 46[0m
[0mGET / [32m200[0m 24.252 ms - 9009[0m
[0mGET /users/sign-in [32m200[0m 20.120 ms - 3290[0m
[0mPOST /users/create-session [36m302[0m 18.556 ms - 46[0m
[0mGET / [32m200[0m 61.423 ms - 11871[0m
[0mGET /users/profile [31m500[0m 25.281 ms - 3371[0m
[0mGET /users/profile [33m404[0m 24.180 ms - 152[0m
[0mGET / [32m200[0m 58.343 ms - 11605[0m
[0mGET /users/profile/62bc31a7a8d62a4494e384bc [32m200[0m 14.173 ms - 2590[0m
[0mPOST /users/update/62bc31a7a8d62a4494e384bc [36m302[0m 58.273 ms - 164[0m
[0mGET /users/profile/62bc31a7a8d62a4494e384bc [32m200[0m 10.839 ms - 2633[0m
[0mGET /users/profile/62bc31a7a8d62a4494e384bc [36m304[0m 11.464 ms - -[0m
[0mGET /users/profile/62bc31a7a8d62a4494e384bc [36m304[0m 9.841 ms - -[0m
[0mGET / [36m304[0m 31.489 ms - -[0m
[0mGET /users/profile/62bc31a7a8d62a4494e384bc [36m304[0m 11.109 ms - -[0m
[0mGET / [36m304[0m 27.095 ms - -[0m
[0mGET /users/sign-out [36m302[0m 8.911 ms - 46[0m
[0mGET / [32m200[0m 27.359 ms - 9010[0m
[0mGET / [32m200[0m 23.486 ms - 8637[0m
[0mGET /users/sign-in [32m200[0m 6.772 ms - 3206[0m
[0mPOST /users/create-session [36m302[0m 11.351 ms - 46[0m
[0mGET / [32m200[0m 29.928 ms - 11954[0m
[0mGET /users/profile/62bc31a7a8d62a4494e384bc [32m200[0m 9.834 ms - 2691[0m
[0mGET / [32m200[0m 25.276 ms - 11663[0m
[0mGET /users/sign-out [36m302[0m 6.230 ms - 46[0m
[0mGET / [32m200[0m 21.450 ms - 8926[0m
[0mGET / [32m200[0m 22.360 ms - 8637[0m
